<?xml version="1.0" encoding="UTF-8"?>
<testsuite name="hello.HelloControllerTest" tests="1" skipped="0" failures="0" errors="0" timestamp="2016-06-01T09:48:02" hostname="compozed-ani-07" time="0.023">
  <properties/>
  <testcase name="getHello" classname="hello.HelloControllerTest" time="0.023"/>
  <system-out><![CDATA[2016-06-01 10:48:02.751  INFO 49176 --- [    Test worker] o.s.t.c.support.AbstractContextLoader    : Could not detect default resource locations for test class [hello.HelloControllerTest]: no resource found for suffixes {-context.xml, Context.groovy}.
2016-06-01 10:48:02.752  INFO 49176 --- [    Test worker] o.s.t.c.web.WebTestContextBootstrapper   : Loaded default TestExecutionListener class names from location [META-INF/spring.factories]: [org.springframework.test.context.web.ServletTestExecutionListener, org.springframework.test.context.support.DirtiesContextBeforeModesTestExecutionListener, org.springframework.test.context.support.DependencyInjectionTestExecutionListener, org.springframework.test.context.support.DirtiesContextTestExecutionListener, org.springframework.test.context.transaction.TransactionalTestExecutionListener, org.springframework.test.context.jdbc.SqlScriptsTestExecutionListener]
2016-06-01 10:48:02.753  INFO 49176 --- [    Test worker] o.s.t.c.web.WebTestContextBootstrapper   : Could not instantiate TestExecutionListener [org.springframework.test.context.jdbc.SqlScriptsTestExecutionListener]. Specify custom listener classes or make the default listener classes (and their required dependencies) available. Offending class: [org/springframework/transaction/interceptor/TransactionAttribute]
2016-06-01 10:48:02.754  INFO 49176 --- [    Test worker] o.s.t.c.web.WebTestContextBootstrapper   : Could not instantiate TestExecutionListener [org.springframework.test.context.transaction.TransactionalTestExecutionListener]. Specify custom listener classes or make the default listener classes (and their required dependencies) available. Offending class: [org/springframework/transaction/interceptor/TransactionAttributeSource]
2016-06-01 10:48:02.755  INFO 49176 --- [    Test worker] o.s.t.c.web.WebTestContextBootstrapper   : Using TestExecutionListeners: [org.springframework.test.context.web.ServletTestExecutionListener@5a70a789, org.springframework.test.context.support.DirtiesContextBeforeModesTestExecutionListener@72f47436, org.springframework.test.context.support.DependencyInjectionTestExecutionListener@807b6d5, org.springframework.test.context.support.DirtiesContextTestExecutionListener@40a83cb2]

  .   ____          _            __ _ _
 /\\ / ___'_ __ _ _(_)_ __  __ _ \ \ \ \
( ( )\___ | '_ | '_| | '_ \/ _` | \ \ \ \
 \\/  ___)| |_)| | | | | || (_| |  ) ) ) )
  '  |____| .__|_| |_|_| |_\__, | / / / /
 =========|_|==============|___/=/_/_/_/
 :: Spring Boot ::        (v1.3.5.RELEASE)

2016-06-01 10:48:02.786  INFO 49176 --- [    Test worker] hello.HelloControllerTest                : Starting HelloControllerTest on compozed-ani-07 with PID 49176 (/Users/localadmin/Desktop/week8day3/tutorial2/springboot/build/classes/test started by localadmin in /Users/localadmin/Desktop/week8day3/tutorial2/springboot)
2016-06-01 10:48:02.786  INFO 49176 --- [    Test worker] hello.HelloControllerTest                : No active profile set, falling back to default profiles: default
2016-06-01 10:48:02.788  INFO 49176 --- [    Test worker] o.s.w.c.s.GenericWebApplicationContext   : Refreshing org.springframework.web.context.support.GenericWebApplicationContext@bd5f208: startup date [Wed Jun 01 10:48:02 BST 2016]; root of context hierarchy
2016-06-01 10:48:02.795  INFO 49176 --- [    Test worker] hello.HelloControllerTest                : Started HelloControllerTest in 0.035 seconds (JVM running for 2.639)
2016-06-01 10:48:02.806  INFO 49176 --- [    Test worker] ilder$StaticRequestMappingHandlerMapping : Mapped "{[/]}" onto public java.lang.String hello.HelloController.index()
2016-06-01 10:48:02.813  INFO 49176 --- [    Test worker] s.w.s.m.m.a.RequestMappingHandlerAdapter : Looking for @ControllerAdvice: org.springframework.test.web.servlet.setup.StubWebApplicationContext@62ddddb8
2016-06-01 10:48:02.816  INFO 49176 --- [    Test worker] o.s.mock.web.MockServletContext          : Initializing Spring FrameworkServlet ''
2016-06-01 10:48:02.816  INFO 49176 --- [    Test worker] o.s.t.web.servlet.TestDispatcherServlet  : FrameworkServlet '': initialization started
2016-06-01 10:48:02.816  INFO 49176 --- [    Test worker] o.s.t.web.servlet.TestDispatcherServlet  : FrameworkServlet '': initialization completed in 0 ms
Tests Complete
]]></system-out>
  <system-err><![CDATA[]]></system-err>
</testsuite>
